<?xml version="1.0" encoding="UTF-8"?>
<!-- Generated by org.testng.reporters.JUnitReportReporter -->
<testsuite hostname="LAPTOP-KP63N8TU" failures="0" tests="1" name="Pacakge1.Test1" time="0.007" errors="0" timestamp="2022-07-20T15:49:20 IST" skipped="0">
  <testcase classname="Pacakge1.Test1" name="f" time="0.007"/>
  <system-out/>
</testsuite> <!-- Pacakge1.Test1 -->
